0 info it worked if it ends with ok
1 verbose cli [ '/usr/bin/nodejs',
1 verbose cli   '/usr/bin/npm',
1 verbose cli   'install',
1 verbose cli   'NodeServer.js',
1 verbose cli   '--save' ]
2 info using npm@3.5.2
3 info using node@v4.2.6
4 silly loadCurrentTree Starting
5 silly install loadCurrentTree
6 silly install readLocalPackageData
7 silly fetchPackageMetaData NodeServer.js
8 silly fetchOtherPackageData NodeServer.js
9 silly cache add args [ 'NodeServer.js', null ]
10 verbose cache add spec NodeServer.js
11 silly cache add parsed spec Result {
11 silly cache add   raw: 'NodeServer.js',
11 silly cache add   scope: null,
11 silly cache add   name: null,
11 silly cache add   rawSpec: 'NodeServer.js',
11 silly cache add   spec: '/home/divy/Desktop/Temp/SearchEngine/NodeServer.js',
11 silly cache add   type: 'local' }
12 silly addLocalTarball shasum (computed) 34898c2fc69d324bc44252f266cfc31fe11c1091
13 verbose addTmpTarball /home/divy/Desktop/Temp/SearchEngine/NodeServer.js not in flight; adding
14 verbose addTmpTarball validating metadata from /home/divy/Desktop/Temp/SearchEngine/NodeServer.js
15 verbose tar unpack /home/divy/Desktop/Temp/SearchEngine/NodeServer.js
16 verbose tar unpacking to /tmp/npm-2446-3fabffaa/unpack-14c78a9c
17 silly gentlyRm /tmp/npm-2446-3fabffaa/unpack-14c78a9c is being purged
18 verbose gentlyRm don't care about contents; nuking /tmp/npm-2446-3fabffaa/unpack-14c78a9c
19 silly gunzTarPerm modes [ '775', '664' ]
20 error not a package /home/divy/Desktop/Temp/SearchEngine/NodeServer.js
21 error addLocal Could not install /home/divy/Desktop/Temp/SearchEngine/NodeServer.js
22 silly fetchPackageMetaData Error: ENOENT: no such file or directory, open '/tmp/npm-2446-3fabffaa/unpack-14c78a9c/package.json'
22 silly fetchPackageMetaData     at Error (native)
22 silly fetchPackageMetaData  error for NodeServer.js { [Error: ENOENT: no such file or directory, open '/tmp/npm-2446-3fabffaa/unpack-14c78a9c/package.json']
22 silly fetchPackageMetaData   errno: -2,
22 silly fetchPackageMetaData   code: 'ENOENT',
22 silly fetchPackageMetaData   syscall: 'open',
22 silly fetchPackageMetaData   path: '/tmp/npm-2446-3fabffaa/unpack-14c78a9c/package.json' }
23 silly rollbackFailedOptional Starting
24 silly rollbackFailedOptional Finishing
25 silly runTopLevelLifecycles Starting
26 silly runTopLevelLifecycles Finishing
27 silly install printInstalled
28 verbose stack Error: ENOENT: no such file or directory, open '/tmp/npm-2446-3fabffaa/unpack-14c78a9c/package.json'
28 verbose stack     at Error (native)
29 verbose cwd /home/divy/Desktop/Temp/SearchEngine
30 error Linux 4.13.0-37-generic
31 error argv "/usr/bin/nodejs" "/usr/bin/npm" "install" "NodeServer.js" "--save"
32 error node v4.2.6
33 error npm  v3.5.2
34 error path /tmp/npm-2446-3fabffaa/unpack-14c78a9c/package.json
35 error code ENOENT
36 error errno -2
37 error syscall open
38 error enoent ENOENT: no such file or directory, open '/tmp/npm-2446-3fabffaa/unpack-14c78a9c/package.json'
39 error enoent ENOENT: no such file or directory, open '/tmp/npm-2446-3fabffaa/unpack-14c78a9c/package.json'
39 error enoent This is most likely not a problem with npm itself
39 error enoent and is related to npm not being able to find a file.
40 verbose exit [ -2, true ]
